2024-07-17T07:40:50.488Z: 文件处理完！共计:3个。
2024-07-17T07:40:53.515Z: 完成全部3个文本数据处理！并保存了全部数据！
2024-07-18T03:25:49.117Z: This is  system log,下面是本次系统运行日志：
2024-07-18T03:26:06.812Z: 文件处理完！共计:3个。
2024-07-18T03:26:09.833Z: 完成全部3个文本数据处理！并保存了全部数据！
2024-07-29T02:11:32.348Z: This is  system log,下面是本次系统运行日志：
2024-07-29T02:11:59.214Z: 文件处理完！共计:3个。
2024-07-29T02:12:03.234Z: 完成全部3个文本数据处理！并保存了全部数据！
2024-07-29T03:27:14.236Z: This is  system log,下面是本次系统运行日志：
2024-07-29T03:27:39.036Z: 文件处理完！共计:3个。
2024-07-29T03:27:43.052Z: 完成全部3个文本数据处理！并保存了全部数据！
2024-07-29T03:28:49.536Z: This is  system log,下面是本次系统运行日志：
2024-07-29T03:29:04.996Z: result为空:{"reqStatus":"ErrorRequest"}
2024-07-29T03:29:15.026Z: 文件处理完！共计:3个。
2024-07-29T03:29:19.046Z: 完成全部3个文本数据处理！并保存了全部数据！
2024-07-29T03:29:59.638Z: This is  system log,下面是本次系统运行日志：
2024-07-29T03:30:12.746Z: 文件处理完！共计:2个。
2024-07-29T03:30:16.763Z: 完成全部2个文本数据处理！并保存了全部数据！
2024-07-29T03:31:03.580Z: This is  system log,下面是本次系统运行日志：
2024-07-29T03:31:16.296Z: 文件处理完！共计:2个。
2024-07-29T03:31:20.311Z: 完成全部2个文本数据处理！并保存了全部数据！
2024-07-29T03:32:42.901Z: This is  system log,下面是本次系统运行日志：
2024-07-29T03:32:55.189Z: 文件处理完！共计:2个。
2024-07-29T03:32:59.200Z: 完成全部2个文本数据处理！并保存了全部数据！
2024-07-29T03:33:43.859Z: This is  system log,下面是本次系统运行日志：
2024-07-29T03:33:56.847Z: 文件处理完！共计:2个。
2024-07-29T03:34:00.864Z: 完成全部2个文本数据处理！并保存了全部数据！
2024-07-29T03:34:39.978Z: This is  system log,下面是本次系统运行日志：
2024-07-29T03:34:53.881Z: 文件处理完！共计:2个。
2024-07-29T03:34:57.896Z: 完成全部2个文本数据处理！并保存了全部数据！
2024-07-29T03:35:10.685Z: This is  system log,下面是本次系统运行日志：
2024-07-29T03:35:26.898Z: 文件处理完！共计:2个。
2024-07-29T03:35:30.911Z: 完成全部2个文本数据处理！并保存了全部数据！
2024-07-29T03:35:44.125Z: This is  system log,下面是本次系统运行日志：
2024-07-29T03:35:57.343Z: 文件处理完！共计:2个。
2024-07-29T03:36:01.357Z: 完成全部2个文本数据处理！并保存了全部数据！
2024-07-29T03:36:32.390Z: This is  system log,下面是本次系统运行日志：
2024-07-29T03:55:30.314Z: This is  system log,下面是本次系统运行日志：
2024-07-29T03:55:53.860Z: 文件处理完！共计:3个。
2024-07-29T03:55:57.881Z: 完成全部3个文本数据处理！并保存了全部数据！
2024-07-29T04:04:52.894Z: This is  system log,下面是本次系统运行日志：
2024-07-29T04:05:47.166Z: result为空:{"reqStatus":"ErrorRequest"}
2024-07-29T04:06:52.921Z: 文件处理完！共计:17个。
2024-07-29T04:06:56.958Z: 完成全部17个文本数据处理！并保存了全部数据！
2024-07-29T04:17:15.139Z: This is  system log,下面是本次系统运行日志：
2024-07-29T04:17:23.455Z: result为空:{"reqStatus":"ErrorRequest"}
2024-07-29T04:17:47.709Z: result为空:{"reqStatus":"ErrorRequest"}
2024-07-29T04:19:03.942Z: result为空:{"reqStatus":"ErrorRequest"}
2024-07-29T04:19:36.886Z: result为空:{"reqStatus":"ErrorRequest"}
2024-07-29T04:20:46.951Z: This is  system log,下面是本次系统运行日志：
2024-07-29T04:25:06.405Z: 文件处理完！共计:40个。
2024-07-29T04:25:10.436Z: 完成全部40个文本数据处理！并保存了全部数据！
2024-07-29T04:29:47.600Z: This is  system log,下面是本次系统运行日志：
2024-07-29T04:30:40.252Z: 文件处理完！共计:8个。
2024-07-29T04:30:44.275Z: 完成全部8个文本数据处理！并保存了全部数据！
2024-07-29T04:44:41.856Z: This is  system log,下面是本次系统运行日志：
2024-07-29T04:45:13.056Z: TypeError: Cannot read properties of undefined (reading '0')
2024-07-29T04:45:34.853Z: 文件处理完！共计:8个。
2024-07-29T04:45:37.884Z: 完成全部8个文本数据处理！并保存了全部数据！
2024-07-29T04:46:37.087Z: This is  system log,下面是本次系统运行日志：
2024-07-29T04:47:14.633Z: 文件处理完！共计:7个。
2024-07-29T04:47:17.656Z: 完成全部7个文本数据处理！并保存了全部数据！
2024-07-29T04:48:18.165Z: This is  system log,下面是本次系统运行日志：
2024-07-29T04:48:45.599Z: result为空:{"reqStatus":"ErrorRequest"}
2024-07-29T04:50:18.663Z: 文件处理完！共计:20个。
2024-07-29T04:50:21.694Z: 完成全部20个文本数据处理！并保存了全部数据！
2024-08-05T08:39:10.415Z: This is  system log,下面是本次系统运行日志：
2024-08-05T08:39:10.762Z: result为空:{"reqStatus":"ErrorMessage"}
2024-08-05T08:39:13.775Z: result为空:{"reqStatus":"ErrorMessage"}
2024-08-05T08:39:16.797Z: result为空:{"reqStatus":"ErrorMessage"}
2024-08-05T08:45:50.246Z: This is  system log,下面是本次系统运行日志：
2024-08-05T08:45:54.186Z: result为空:{"reqStatus":"ErrorMessage"}
2024-08-05T08:45:57.977Z: result为空:{"reqStatus":"ErrorMessage"}
2024-08-05T08:46:04.683Z: result为空:{"reqStatus":"ErrorMessage"}
2024-08-05T08:46:09.429Z: result为空:{"reqStatus":"ErrorMessage"}
2024-08-05T08:50:15.320Z: This is  system log,下面是本次系统运行日志：
2024-08-05T08:50:21.156Z: result为空:{"reqStatus":"ErrorMessage"}
2024-08-05T08:50:27.299Z: result为空:{"reqStatus":"ErrorMessage"}
2024-08-05T08:50:32.562Z: result为空:{"reqStatus":"ErrorMessage"}
2024-08-05T08:50:38.387Z: result为空:{"reqStatus":"ErrorMessage"}
2024-08-05T08:59:11.040Z: This is  system log,下面是本次系统运行日志：
2024-08-05T09:29:10.579Z: This is  system log,下面是本次系统运行日志：
2024-08-05T09:34:05.694Z: This is  system log,下面是本次系统运行日志：
2024-08-05T09:34:15.872Z: result为空:{"reqStatus":"ErrorRequest"}
2024-08-07T01:57:49.564Z: This is  system log,下面是本次系统运行日志：
2024-08-07T01:57:57.889Z: result为空:{"reqStatus":"ErrorRequest"}
2024-08-07T02:26:28.947Z: This is  system log,下面是本次系统运行日志：
2024-08-07T02:26:37.524Z: result为空:{"reqStatus":"ErrorRequest"}
2024-08-07T02:26:48.546Z: result为空:{"reqStatus":"ErrorRequest"}
2024-08-07T02:31:13.125Z: This is  system log,下面是本次系统运行日志：
2024-08-07T02:31:21.391Z: result为空:{"reqStatus":"ErrorRequest"}
2024-08-07T02:31:32.426Z: result为空:{"reqStatus":"ErrorRequest"}
2024-08-07T02:31:43.443Z: result为空:{"reqStatus":"ErrorRequest"}
2024-08-07T02:31:47.701Z: result为空:{"reqStatus":"ErrorRequest"}
2024-08-07T02:31:50.715Z: 文件处理完！共计:4个。
2024-08-07T02:31:53.732Z: 完成全部4个文本数据处理！并保存了全部数据！
2024-08-20T06:59:01.824Z: This is  system log,下面是本次系统运行日志：
2024-08-20T06:59:02.051Z: 文件处理完！共计:0个。
2024-08-20T06:59:05.064Z: 完成全部0个文本数据处理！并保存了全部数据！
2024-08-20T06:59:40.961Z: This is  system log,下面是本次系统运行日志：
2024-08-20T06:59:49.239Z: result为空:{"reqStatus":"ErrorRequest"}
2024-08-20T07:00:12.661Z: This is  system log,下面是本次系统运行日志：
2024-08-20T07:00:20.931Z: result为空:{"reqStatus":"ErrorRequest"}
2024-08-20T07:00:31.966Z: result为空:{"reqStatus":"ErrorRequest"}
2024-08-20T07:00:42.988Z: result为空:{"reqStatus":"ErrorRequest"}
2024-08-20T07:00:54.010Z: result为空:{"reqStatus":"ErrorRequest"}
2024-08-20T07:00:57.659Z: result为空:{"reqStatus":"ErrorRequest"}
2024-08-20T07:01:08.692Z: result为空:{"reqStatus":"ErrorRequest"}
2024-08-20T07:01:19.713Z: result为空:{"reqStatus":"ErrorRequest"}
2024-08-20T07:01:30.728Z: result为空:{"reqStatus":"ErrorRequest"}
2024-08-20T07:01:41.744Z: result为空:{"reqStatus":"ErrorRequest"}
2024-08-20T07:01:52.767Z: result为空:{"reqStatus":"ErrorRequest"}
2024-08-20T07:02:03.804Z: result为空:{"reqStatus":"ErrorRequest"}
2024-08-20T07:02:06.809Z: 文件处理完！共计:11个。
2024-08-20T07:02:09.841Z: 完成全部11个文本数据处理！并保存了全部数据！
2024-08-20T07:02:47.068Z: This is  system log,下面是本次系统运行日志：
2024-08-20T07:02:47.244Z: 文件处理完！共计:0个。
2024-08-20T07:03:22.641Z: This is  system log,下面是本次系统运行日志：
2024-08-20T07:03:23.528Z: result为空:{"reqStatus":"ErrorRequest"}
2024-08-20T07:03:27.725Z: result为空:{"reqStatus":"ErrorRequest"}
2024-08-20T07:03:38.741Z: result为空:{"reqStatus":"ErrorRequest"}
2024-08-20T07:03:49.778Z: result为空:{"reqStatus":"ErrorRequest"}
2024-08-20T07:04:00.808Z: result为空:{"reqStatus":"ErrorRequest"}
2024-08-20T07:04:11.843Z: result为空:{"reqStatus":"ErrorRequest"}
2024-08-20T07:04:22.880Z: result为空:{"reqStatus":"ErrorRequest"}
2024-08-20T07:04:33.906Z: result为空:{"reqStatus":"ErrorRequest"}
2024-08-20T07:04:44.931Z: result为空:{"reqStatus":"ErrorRequest"}
2024-08-20T07:04:55.956Z: result为空:{"reqStatus":"ErrorRequest"}
2024-08-20T07:04:59.838Z: result为空:{"reqStatus":"ErrorRequest"}
2024-08-20T07:05:03.780Z: result为空:{"reqStatus":"ErrorRequest"}
2024-08-20T07:05:18.844Z: This is  system log,下面是本次系统运行日志：
2024-08-20T07:05:27.089Z: result为空:{"reqStatus":"ErrorRequest"}
2024-08-20T07:05:38.125Z: result为空:{"reqStatus":"ErrorRequest"}
2024-08-20T07:05:49.153Z: result为空:{"reqStatus":"ErrorRequest"}
2024-08-20T07:06:00.179Z: result为空:{"reqStatus":"ErrorRequest"}
2024-08-20T07:07:32.277Z: This is  system log,下面是本次系统运行日志：
2024-08-20T07:07:40.551Z: result为空:{"reqStatus":"ErrorRequest"}
2024-08-20T07:07:51.168Z: result为空:{"reqStatus":"ErrorRequest"}
2024-08-20T07:08:02.199Z: result为空:{"reqStatus":"ErrorRequest"}
2024-08-20T07:08:13.232Z: result为空:{"reqStatus":"ErrorRequest"}
2024-08-20T07:08:33.614Z: This is  system log,下面是本次系统运行日志：
2024-08-20T07:11:23.699Z: This is  system log,下面是本次系统运行日志：
2024-08-20T07:11:31.946Z: result为空:{"reqStatus":"ErrorRequest"}
2024-08-28T07:53:06.112Z: This is  system log,下面是本次系统运行日志：
2024-08-28T07:53:14.459Z: result为空:{"reqStatus":"ErrorRequest"}
2024-08-28T07:53:25.476Z: result为空:{"reqStatus":"ErrorRequest"}
2024-08-28T07:53:36.489Z: result为空:{"reqStatus":"ErrorRequest"}
2024-08-28T07:53:47.503Z: result为空:{"reqStatus":"ErrorRequest"}
2024-08-28T07:56:20.436Z: This is  system log,下面是本次系统运行日志：
2024-08-28T07:56:28.726Z: result为空:{"reqStatus":"ErrorRequest"}
2024-08-28T07:56:39.746Z: result为空:{"reqStatus":"ErrorRequest"}
2024-08-28T07:56:50.760Z: result为空:{"reqStatus":"ErrorRequest"}
2024-08-28T07:57:01.774Z: result为空:{"reqStatus":"ErrorRequest"}
2024-08-28T07:57:12.786Z: result为空:{"reqStatus":"ErrorRequest"}
2024-11-16T07:33:27.922Z: This is  system log,下面是本次系统运行日志：
2024-11-16T07:33:36.248Z: result为空:{"reqStatus":"ErrorRequest"}
2024-11-16T07:33:47.281Z: result为空:{"reqStatus":"ErrorRequest"}
2024-11-16T07:33:58.310Z: result为空:{"reqStatus":"ErrorRequest"}
2024-11-16T07:34:01.323Z: 文件处理完！共计:3个。
2024-11-16T07:34:04.346Z: 完成全部3个文本数据处理！并保存了全部数据！
2024-11-16T07:41:02.592Z: This is  system log,下面是本次系统运行日志：
2024-11-16T07:41:10.884Z: result为空:{"reqStatus":"ErrorRequest"}
2024-11-16T07:41:21.907Z: result为空:{"reqStatus":"ErrorRequest"}
2024-11-16T07:41:32.933Z: result为空:{"reqStatus":"ErrorRequest"}
2024-11-16T07:41:35.939Z: 文件处理完！共计:3个。
2024-11-16T07:41:38.955Z: 完成全部3个文本数据处理！并保存了全部数据！
2024-11-25T01:46:32.574Z: This is  system log,下面是本次系统运行日志：
2024-11-25T01:46:40.948Z: result为空:{"reqStatus":"ErrorRequest"}
2024-11-25T01:46:51.976Z: result为空:{"reqStatus":"ErrorRequest"}
2024-11-25T01:47:02.993Z: result为空:{"reqStatus":"ErrorRequest"}
2024-11-25T01:47:06.003Z: 文件处理完！共计:3个。
2024-11-25T01:47:09.032Z: 完成全部3个文本数据处理！并保存了全部数据！
2024-11-25T01:51:58.857Z: This is  system log,下面是本次系统运行日志：
2024-11-25T01:52:07.203Z: result为空:{"reqStatus":"ErrorRequest"}
2024-11-25T01:52:18.223Z: result为空:{"reqStatus":"ErrorRequest"}
2024-11-25T01:52:29.258Z: result为空:{"reqStatus":"ErrorRequest"}
2024-11-25T01:52:32.263Z: 文件处理完！共计:3个。
2024-11-25T01:52:35.288Z: 完成全部3个文本数据处理！并保存了全部数据！
2024-11-25T02:25:03.976Z: This is  system log,下面是本次系统运行日志：
2024-11-25T02:25:08.194Z: This is  system log,下面是本次系统运行日志：
2024-11-25T02:25:16.462Z: result为空:{"reqStatus":"ErrorRequest"}
2024-11-25T02:25:27.493Z: result为空:{"reqStatus":"ErrorRequest"}
2024-11-25T02:25:38.509Z: result为空:{"reqStatus":"ErrorRequest"}
2024-11-25T02:25:41.516Z: 文件处理完！共计:3个。
2024-11-25T02:25:44.537Z: 完成全部3个文本数据处理！并保存了全部数据！
2024-11-25T02:59:30.273Z: This is  system log,下面是本次系统运行日志：
2024-11-25T02:59:38.592Z: result为空:{"reqStatus":"ErrorRequest"}
2024-11-25T03:01:07.211Z: This is  system log,下面是本次系统运行日志：
2024-11-25T03:01:15.482Z: result为空:{"reqStatus":"ErrorRequest"}
2024-11-25T03:01:26.518Z: result为空:{"reqStatus":"ErrorRequest"}
2024-11-25T03:01:37.550Z: result为空:{"reqStatus":"ErrorRequest"}
2024-11-25T03:01:40.554Z: 文件处理完！共计:3个。
2024-11-25T03:01:43.578Z: 完成全部3个文本数据处理！并保存了全部数据！
2024-11-25T03:06:42.436Z: This is  system log,下面是本次系统运行日志：
2024-11-25T03:06:50.726Z: result为空:{"reqStatus":"ErrorRequest"}
2024-11-25T03:08:22.306Z: This is  system log,下面是本次系统运行日志：
2024-11-25T03:08:30.615Z: result为空:{"reqStatus":"ErrorRequest"}
2024-11-25T03:08:41.639Z: result为空:{"reqStatus":"ErrorRequest"}
2024-11-25T03:08:52.670Z: result为空:{"reqStatus":"ErrorRequest"}
2024-11-25T03:08:55.680Z: 文件处理完！共计:3个。
2024-11-25T03:12:20.187Z: This is  system log,下面是本次系统运行日志：
2024-11-25T03:12:28.494Z: result为空:{"reqStatus":"ErrorRequest","error":"No response received"}
2024-11-25T03:12:39.554Z: result为空:{"reqStatus":"ErrorRequest","error":"No response received"}
2024-11-25T03:12:50.617Z: result为空:{"reqStatus":"ErrorRequest","error":"No response received"}
2024-11-25T03:12:53.627Z: 文件处理完！共计:3个。
2024-11-25T03:12:56.648Z: 完成全部3个文本数据处理！并保存了全部数据！
2024-11-25T03:19:34.147Z: This is  system log,下面是本次系统运行日志：
2024-11-25T03:19:42.549Z: result为空:{"reqStatus":"ErrorRequest","error":"No response received"}
2024-11-25T03:20:27.821Z: This is  system log,下面是本次系统运行日志：
2024-11-25T03:20:46.206Z: result为空:{"reqStatus":"ErrorRequest","error":"No response received"}
2024-11-25T03:21:07.262Z: result为空:{"reqStatus":"ErrorRequest","error":"No response received"}
2024-11-25T03:21:28.329Z: result为空:{"reqStatus":"ErrorRequest","error":"No response received"}
2024-11-25T03:21:31.340Z: 文件处理完！共计:3个。
2024-11-25T03:21:34.355Z: 完成全部3个文本数据处理！并保存了全部数据！
2024-11-25T03:25:56.061Z: This is  system log,下面是本次系统运行日志：
2024-11-25T03:25:56.286Z: ReferenceError: httpsAgent is not defined
2024-11-25T03:25:59.298Z: ReferenceError: httpsAgent is not defined
2024-11-25T03:26:02.312Z: ReferenceError: httpsAgent is not defined
2024-11-25T03:26:20.694Z: This is  system log,下面是本次系统运行日志：
2024-11-25T03:26:39.008Z: result为空:{"reqStatus":"ErrorRequest","error":"No response received"}
2024-11-25T03:34:06.485Z: This is system log,下面是本次系统运行日志：
2024-11-25T03:52:53.441Z: This is system log,下面是本次系统运行日志：
2024-11-25T03:53:06.516Z: 文件处理完！共计:3个。
2024-11-25T03:53:09.540Z: 完成全部3个文本数据处理！并保存了全部数据！
2024-11-25T03:54:43.993Z: This is system log,下面是本次系统运行日志：
2024-11-25T03:54:57.430Z: 文件处理完！共计:3个。
2024-11-25T03:55:34.139Z: This is system log,下面是本次系统运行日志：
2024-11-25T03:55:47.200Z: 文件处理完！共计:3个。
2024-11-25T03:55:50.223Z: 完成全部3个文本数据处理！并保存了全部数据！
2024-11-25T04:38:05.319Z: This is system log,下面是本次系统运行日志：
2024-11-25T04:38:24.497Z: This is system log,下面是本次系统运行日志：
2024-11-25T04:38:38.429Z: 文件处理完！共计:3个。
2024-11-25T04:38:41.454Z: 完成全部3个文本数据处理！并保存了全部数据！
2024-11-25T06:11:45.883Z: This is system log,下面是本次系统运行日志：
2024-11-25T06:11:47.619Z: ReferenceError: filterString is not defined
2024-11-25T06:11:52.219Z: ReferenceError: filterString is not defined
2024-11-25T06:12:46.004Z: This is system log,下面是本次系统运行日志：
2024-11-25T06:23:14.848Z: This is system log,下面是本次系统运行日志：
2024-11-25T06:23:44.757Z: This is system log,下面是本次系统运行日志：
2024-11-25T06:40:57.337Z: This is system log,下面是本次系统运行日志：
2024-11-25T06:41:10.841Z: 文件处理完！共计:3个。
2024-11-25T06:41:13.878Z: 完成全部3个文本数据处理！并保存了全部数据！
2024-11-25T06:43:00.753Z: This is system log,下面是本次系统运行日志：
2024-11-25T06:43:14.491Z: 文件处理完！共计:3个。
2024-11-25T06:43:17.514Z: 完成全部3个文本数据处理！并保存了全部数据！
2024-11-25T06:59:58.836Z: This is system log,下面是本次系统运行日志：
2024-11-25T07:00:17.228Z: result为空:{"reqStatus":"ErrorRequest","error":"No response received"}
2024-11-25T07:00:38.295Z: result为空:{"reqStatus":"ErrorRequest","error":"No response received"}
2024-11-25T07:00:59.343Z: result为空:{"reqStatus":"ErrorRequest","error":"No response received"}
2024-11-25T07:01:02.358Z: 文件处理完！共计:3个。
2024-11-25T07:01:05.377Z: 完成全部3个文本数据处理！并保存了全部数据！
2024-11-25T07:01:16.516Z: This is system log,下面是本次系统运行日志：
2024-11-25T07:01:30.314Z: 文件处理完！共计:3个。
2024-11-25T07:01:33.346Z: 完成全部3个文本数据处理！并保存了全部数据！
2024-11-25T09:33:04.630Z: This is system log,下面是本次系统运行日志：
2024-11-25T09:33:23.033Z: result为空:{"reqStatus":"ErrorRequest","error":"No response received"}
2024-11-25T09:33:24.094Z: This is system log,下面是本次系统运行日志：
2024-11-25T09:38:32.169Z: This is system log,下面是本次系统运行日志：
2024-11-25T09:38:56.460Z: result为空:{"reqStatus":"ErrorResponse","error":{"error":{"code":400,"message":"API key not valid. Please pass a valid API key.","status":"INVALID_ARGUMENT","details":[{"@type":"type.googleapis.com/google.rpc.ErrorInfo","reason":"API_KEY_INVALID","domain":"googleapis.com","metadata":{"service":"generativelanguage.googleapis.com"}},{"@type":"type.googleapis.com/google.rpc.LocalizedMessage","locale":"en-US","message":"API key not valid. Please pass a valid API key."}]}}}
2024-11-25T09:39:00.738Z: result为空:{"reqStatus":"ErrorResponse","error":{"error":{"code":400,"message":"API key not valid. Please pass a valid API key.","status":"INVALID_ARGUMENT","details":[{"@type":"type.googleapis.com/google.rpc.ErrorInfo","reason":"API_KEY_INVALID","domain":"googleapis.com","metadata":{"service":"generativelanguage.googleapis.com"}},{"@type":"type.googleapis.com/google.rpc.LocalizedMessage","locale":"en-US","message":"API key not valid. Please pass a valid API key."}]}}}
2024-11-25T09:39:05.011Z: result为空:{"reqStatus":"ErrorResponse","error":{"error":{"code":400,"message":"API key not valid. Please pass a valid API key.","status":"INVALID_ARGUMENT","details":[{"@type":"type.googleapis.com/google.rpc.ErrorInfo","reason":"API_KEY_INVALID","domain":"googleapis.com","metadata":{"service":"generativelanguage.googleapis.com"}},{"@type":"type.googleapis.com/google.rpc.LocalizedMessage","locale":"en-US","message":"API key not valid. Please pass a valid API key."}]}}}
2024-11-25T09:39:09.314Z: result为空:{"reqStatus":"ErrorResponse","error":{"error":{"code":400,"message":"API key not valid. Please pass a valid API key.","status":"INVALID_ARGUMENT","details":[{"@type":"type.googleapis.com/google.rpc.ErrorInfo","reason":"API_KEY_INVALID","domain":"googleapis.com","metadata":{"service":"generativelanguage.googleapis.com"}},{"@type":"type.googleapis.com/google.rpc.LocalizedMessage","locale":"en-US","message":"API key not valid. Please pass a valid API key."}]}}}
2024-11-25T09:39:13.144Z: result为空:{"reqStatus":"ErrorResponse","error":{"error":{"code":400,"message":"API key not valid. Please pass a valid API key.","status":"INVALID_ARGUMENT","details":[{"@type":"type.googleapis.com/google.rpc.ErrorInfo","reason":"API_KEY_INVALID","domain":"googleapis.com","metadata":{"service":"generativelanguage.googleapis.com"}},{"@type":"type.googleapis.com/google.rpc.LocalizedMessage","locale":"en-US","message":"API key not valid. Please pass a valid API key."}]}}}
2024-11-25T09:39:17.421Z: result为空:{"reqStatus":"ErrorResponse","error":{"error":{"code":400,"message":"API key not valid. Please pass a valid API key.","status":"INVALID_ARGUMENT","details":[{"@type":"type.googleapis.com/google.rpc.ErrorInfo","reason":"API_KEY_INVALID","domain":"googleapis.com","metadata":{"service":"generativelanguage.googleapis.com"}},{"@type":"type.googleapis.com/google.rpc.LocalizedMessage","locale":"en-US","message":"API key not valid. Please pass a valid API key."}]}}}
2024-11-25T09:39:20.426Z: 文件处理完！共计:11个。
2024-11-25T09:39:23.453Z: 完成全部11个文本数据处理！并保存了全部数据！
2024-11-25T09:42:52.754Z: This is system log,下面是本次系统运行日志：
2024-11-25T09:43:17.088Z: result为空:{"reqStatus":"ErrorResponse","error":{"error":{"code":400,"message":"API key not valid. Please pass a valid API key.","status":"INVALID_ARGUMENT","details":[{"@type":"type.googleapis.com/google.rpc.ErrorInfo","reason":"API_KEY_INVALID","domain":"googleapis.com","metadata":{"service":"generativelanguage.googleapis.com"}},{"@type":"type.googleapis.com/google.rpc.LocalizedMessage","locale":"en-US","message":"API key not valid. Please pass a valid API key."}]}}}
2024-11-25T09:44:50.075Z: This is system log,下面是本次系统运行日志：
2024-11-25T09:45:14.413Z: result为空:{"reqStatus":"ErrorResponse","error":{"error":{"code":400,"message":"API key not valid. Please pass a valid API key.","status":"INVALID_ARGUMENT","details":[{"@type":"type.googleapis.com/google.rpc.ErrorInfo","reason":"API_KEY_INVALID","domain":"googleapis.com","metadata":{"service":"generativelanguage.googleapis.com"}},{"@type":"type.googleapis.com/google.rpc.LocalizedMessage","locale":"en-US","message":"API key not valid. Please pass a valid API key."}]}}}
2024-11-25T09:49:29.687Z: This is system log,下面是本次系统运行日志：
2024-11-25T09:49:53.970Z: result为空:{"reqStatus":"ErrorResponse","error":{"error":{"code":400,"message":"API key not valid. Please pass a valid API key.","status":"INVALID_ARGUMENT","details":[{"@type":"type.googleapis.com/google.rpc.ErrorInfo","reason":"API_KEY_INVALID","domain":"googleapis.com","metadata":{"service":"generativelanguage.googleapis.com"}},{"@type":"type.googleapis.com/google.rpc.LocalizedMessage","locale":"en-US","message":"API key not valid. Please pass a valid API key."}]}}}
2024-11-25T09:50:27.309Z: This is system log,下面是本次系统运行日志：
2024-11-25T09:50:51.556Z: result为空:{"reqStatus":"ErrorResponse","error":{"error":{"code":400,"message":"API key not valid. Please pass a valid API key.","status":"INVALID_ARGUMENT","details":[{"@type":"type.googleapis.com/google.rpc.ErrorInfo","reason":"API_KEY_INVALID","domain":"googleapis.com","metadata":{"service":"generativelanguage.googleapis.com"}},{"@type":"type.googleapis.com/google.rpc.LocalizedMessage","locale":"en-US","message":"API key not valid. Please pass a valid API key."}]}}}
2024-11-25T09:50:55.790Z: result为空:{"reqStatus":"ErrorResponse","error":{"error":{"code":400,"message":"API key not valid. Please pass a valid API key.","status":"INVALID_ARGUMENT","details":[{"@type":"type.googleapis.com/google.rpc.ErrorInfo","reason":"API_KEY_INVALID","domain":"googleapis.com","metadata":{"service":"generativelanguage.googleapis.com"}},{"@type":"type.googleapis.com/google.rpc.LocalizedMessage","locale":"en-US","message":"API key not valid. Please pass a valid API key."}]}}}
2024-11-25T09:52:09.979Z: This is system log,下面是本次系统运行日志：
2024-11-25T09:52:33.805Z: result为空:{"reqStatus":"ErrorResponse","error":{"error":{"code":400,"message":"API key not valid. Please pass a valid API key.","status":"INVALID_ARGUMENT","details":[{"@type":"type.googleapis.com/google.rpc.ErrorInfo","reason":"API_KEY_INVALID","domain":"googleapis.com","metadata":{"service":"generativelanguage.googleapis.com"}},{"@type":"type.googleapis.com/google.rpc.LocalizedMessage","locale":"en-US","message":"API key not valid. Please pass a valid API key."}]}}}
2024-11-25T09:52:38.045Z: result为空:{"reqStatus":"ErrorResponse","error":{"error":{"code":400,"message":"API key not valid. Please pass a valid API key.","status":"INVALID_ARGUMENT","details":[{"@type":"type.googleapis.com/google.rpc.ErrorInfo","reason":"API_KEY_INVALID","domain":"googleapis.com","metadata":{"service":"generativelanguage.googleapis.com"}},{"@type":"type.googleapis.com/google.rpc.LocalizedMessage","locale":"en-US","message":"API key not valid. Please pass a valid API key."}]}}}
2024-11-25T09:52:42.296Z: result为空:{"reqStatus":"ErrorResponse","error":{"error":{"code":400,"message":"API key not valid. Please pass a valid API key.","status":"INVALID_ARGUMENT","details":[{"@type":"type.googleapis.com/google.rpc.ErrorInfo","reason":"API_KEY_INVALID","domain":"googleapis.com","metadata":{"service":"generativelanguage.googleapis.com"}},{"@type":"type.googleapis.com/google.rpc.LocalizedMessage","locale":"en-US","message":"API key not valid. Please pass a valid API key."}]}}}
2024-11-25T09:52:46.526Z: result为空:{"reqStatus":"ErrorResponse","error":{"error":{"code":400,"message":"API key not valid. Please pass a valid API key.","status":"INVALID_ARGUMENT","details":[{"@type":"type.googleapis.com/google.rpc.ErrorInfo","reason":"API_KEY_INVALID","domain":"googleapis.com","metadata":{"service":"generativelanguage.googleapis.com"}},{"@type":"type.googleapis.com/google.rpc.LocalizedMessage","locale":"en-US","message":"API key not valid. Please pass a valid API key."}]}}}
2024-11-25T09:52:50.300Z: result为空:{"reqStatus":"ErrorResponse","error":{"error":{"code":400,"message":"API key not valid. Please pass a valid API key.","status":"INVALID_ARGUMENT","details":[{"@type":"type.googleapis.com/google.rpc.ErrorInfo","reason":"API_KEY_INVALID","domain":"googleapis.com","metadata":{"service":"generativelanguage.googleapis.com"}},{"@type":"type.googleapis.com/google.rpc.LocalizedMessage","locale":"en-US","message":"API key not valid. Please pass a valid API key."}]}}}
2024-11-25T09:52:54.535Z: result为空:{"reqStatus":"ErrorResponse","error":{"error":{"code":400,"message":"API key not valid. Please pass a valid API key.","status":"INVALID_ARGUMENT","details":[{"@type":"type.googleapis.com/google.rpc.ErrorInfo","reason":"API_KEY_INVALID","domain":"googleapis.com","metadata":{"service":"generativelanguage.googleapis.com"}},{"@type":"type.googleapis.com/google.rpc.LocalizedMessage","locale":"en-US","message":"API key not valid. Please pass a valid API key."}]}}}
2024-11-25T09:52:58.802Z: result为空:{"reqStatus":"ErrorResponse","error":{"error":{"code":400,"message":"API key not valid. Please pass a valid API key.","status":"INVALID_ARGUMENT","details":[{"@type":"type.googleapis.com/google.rpc.ErrorInfo","reason":"API_KEY_INVALID","domain":"googleapis.com","metadata":{"service":"generativelanguage.googleapis.com"}},{"@type":"type.googleapis.com/google.rpc.LocalizedMessage","locale":"en-US","message":"API key not valid. Please pass a valid API key."}]}}}
2024-11-25T09:53:03.054Z: result为空:{"reqStatus":"ErrorResponse","error":{"error":{"code":400,"message":"API key not valid. Please pass a valid API key.","status":"INVALID_ARGUMENT","details":[{"@type":"type.googleapis.com/google.rpc.ErrorInfo","reason":"API_KEY_INVALID","domain":"googleapis.com","metadata":{"service":"generativelanguage.googleapis.com"}},{"@type":"type.googleapis.com/google.rpc.LocalizedMessage","locale":"en-US","message":"API key not valid. Please pass a valid API key."}]}}}
2024-11-25T09:53:07.298Z: result为空:{"reqStatus":"ErrorResponse","error":{"error":{"code":400,"message":"API key not valid. Please pass a valid API key.","status":"INVALID_ARGUMENT","details":[{"@type":"type.googleapis.com/google.rpc.ErrorInfo","reason":"API_KEY_INVALID","domain":"googleapis.com","metadata":{"service":"generativelanguage.googleapis.com"}},{"@type":"type.googleapis.com/google.rpc.LocalizedMessage","locale":"en-US","message":"API key not valid. Please pass a valid API key."}]}}}
2024-11-25T09:53:11.105Z: result为空:{"reqStatus":"ErrorResponse","error":{"error":{"code":400,"message":"API key not valid. Please pass a valid API key.","status":"INVALID_ARGUMENT","details":[{"@type":"type.googleapis.com/google.rpc.ErrorInfo","reason":"API_KEY_INVALID","domain":"googleapis.com","metadata":{"service":"generativelanguage.googleapis.com"}},{"@type":"type.googleapis.com/google.rpc.LocalizedMessage","locale":"en-US","message":"API key not valid. Please pass a valid API key."}]}}}
2024-11-25T09:53:15.345Z: result为空:{"reqStatus":"ErrorResponse","error":{"error":{"code":400,"message":"API key not valid. Please pass a valid API key.","status":"INVALID_ARGUMENT","details":[{"@type":"type.googleapis.com/google.rpc.ErrorInfo","reason":"API_KEY_INVALID","domain":"googleapis.com","metadata":{"service":"generativelanguage.googleapis.com"}},{"@type":"type.googleapis.com/google.rpc.LocalizedMessage","locale":"en-US","message":"API key not valid. Please pass a valid API key."}]}}}
2024-11-25T09:53:19.575Z: result为空:{"reqStatus":"ErrorResponse","error":{"error":{"code":400,"message":"API key not valid. Please pass a valid API key.","status":"INVALID_ARGUMENT","details":[{"@type":"type.googleapis.com/google.rpc.ErrorInfo","reason":"API_KEY_INVALID","domain":"googleapis.com","metadata":{"service":"generativelanguage.googleapis.com"}},{"@type":"type.googleapis.com/google.rpc.LocalizedMessage","locale":"en-US","message":"API key not valid. Please pass a valid API key."}]}}}
2024-11-25T09:53:23.435Z: result为空:{"reqStatus":"ErrorResponse","error":{"error":{"code":400,"message":"API key not valid. Please pass a valid API key.","status":"INVALID_ARGUMENT","details":[{"@type":"type.googleapis.com/google.rpc.ErrorInfo","reason":"API_KEY_INVALID","domain":"googleapis.com","metadata":{"service":"generativelanguage.googleapis.com"}},{"@type":"type.googleapis.com/google.rpc.LocalizedMessage","locale":"en-US","message":"API key not valid. Please pass a valid API key."}]}}}
2024-11-25T09:53:27.679Z: result为空:{"reqStatus":"ErrorResponse","error":{"error":{"code":400,"message":"API key not valid. Please pass a valid API key.","status":"INVALID_ARGUMENT","details":[{"@type":"type.googleapis.com/google.rpc.ErrorInfo","reason":"API_KEY_INVALID","domain":"googleapis.com","metadata":{"service":"generativelanguage.googleapis.com"}},{"@type":"type.googleapis.com/google.rpc.LocalizedMessage","locale":"en-US","message":"API key not valid. Please pass a valid API key."}]}}}
2024-11-25T10:01:49.761Z: This is system log,下面是本次系统运行日志：
2024-11-25T10:01:49.967Z: ReferenceError: counts is not defined
2024-11-25T10:03:56.376Z: This is system log,下面是本次系统运行日志：
2024-11-25T10:04:20.357Z: result为空:{"reqStatus":"ErrorResponse","error":{"error":{"code":400,"message":"API key not valid. Please pass a valid API key.","status":"INVALID_ARGUMENT","details":[{"@type":"type.googleapis.com/google.rpc.ErrorInfo","reason":"API_KEY_INVALID","domain":"googleapis.com","metadata":{"service":"generativelanguage.googleapis.com"}},{"@type":"type.googleapis.com/google.rpc.LocalizedMessage","locale":"en-US","message":"API key not valid. Please pass a valid API key."}]}}}
2024-11-25T10:04:24.222Z: result为空:{"reqStatus":"ErrorResponse","error":{"error":{"code":400,"message":"API key not valid. Please pass a valid API key.","status":"INVALID_ARGUMENT","details":[{"@type":"type.googleapis.com/google.rpc.ErrorInfo","reason":"API_KEY_INVALID","domain":"googleapis.com","metadata":{"service":"generativelanguage.googleapis.com"}},{"@type":"type.googleapis.com/google.rpc.LocalizedMessage","locale":"en-US","message":"API key not valid. Please pass a valid API key."}]}}}
2024-11-25T10:04:28.508Z: result为空:{"reqStatus":"ErrorResponse","error":{"error":{"code":400,"message":"API key not valid. Please pass a valid API key.","status":"INVALID_ARGUMENT","details":[{"@type":"type.googleapis.com/google.rpc.ErrorInfo","reason":"API_KEY_INVALID","domain":"googleapis.com","metadata":{"service":"generativelanguage.googleapis.com"}},{"@type":"type.googleapis.com/google.rpc.LocalizedMessage","locale":"en-US","message":"API key not valid. Please pass a valid API key."}]}}}
2024-11-25T10:04:32.755Z: result为空:{"reqStatus":"ErrorResponse","error":{"error":{"code":400,"message":"API key not valid. Please pass a valid API key.","status":"INVALID_ARGUMENT","details":[{"@type":"type.googleapis.com/google.rpc.ErrorInfo","reason":"API_KEY_INVALID","domain":"googleapis.com","metadata":{"service":"generativelanguage.googleapis.com"}},{"@type":"type.googleapis.com/google.rpc.LocalizedMessage","locale":"en-US","message":"API key not valid. Please pass a valid API key."}]}}}
2024-11-25T10:05:12.197Z: result为空:{"reqStatus":"ErrorResponse","error":{"error":{"code":400,"message":"API key not valid. Please pass a valid API key.","status":"INVALID_ARGUMENT","details":[{"@type":"type.googleapis.com/google.rpc.ErrorInfo","reason":"API_KEY_INVALID","domain":"googleapis.com","metadata":{"service":"generativelanguage.googleapis.com"}},{"@type":"type.googleapis.com/google.rpc.LocalizedMessage","locale":"en-US","message":"API key not valid. Please pass a valid API key."}]}}}
2024-11-25T10:05:15.969Z: result为空:{"reqStatus":"ErrorResponse","error":{"error":{"code":400,"message":"API key not valid. Please pass a valid API key.","status":"INVALID_ARGUMENT","details":[{"@type":"type.googleapis.com/google.rpc.ErrorInfo","reason":"API_KEY_INVALID","domain":"googleapis.com","metadata":{"service":"generativelanguage.googleapis.com"}},{"@type":"type.googleapis.com/google.rpc.LocalizedMessage","locale":"en-US","message":"API key not valid. Please pass a valid API key."}]}}}
2024-11-25T10:05:18.982Z: 文件处理完！共计:19个。
2024-11-25T10:05:22.022Z: 完成全部19个文本数据处理！并保存了全部数据！
2024-11-25T10:07:39.687Z: This is system log,下面是本次系统运行日志：
2024-11-25T10:08:03.605Z: result为空:{"reqStatus":"ErrorResponse","error":{"error":{"code":400,"message":"API key not valid. Please pass a valid API key.","status":"INVALID_ARGUMENT","details":[{"@type":"type.googleapis.com/google.rpc.ErrorInfo","reason":"API_KEY_INVALID","domain":"googleapis.com","metadata":{"service":"generativelanguage.googleapis.com"}},{"@type":"type.googleapis.com/google.rpc.LocalizedMessage","locale":"en-US","message":"API key not valid. Please pass a valid API key."}]}}}
2024-11-25T10:08:07.841Z: result为空:{"reqStatus":"ErrorResponse","error":{"error":{"code":400,"message":"API key not valid. Please pass a valid API key.","status":"INVALID_ARGUMENT","details":[{"@type":"type.googleapis.com/google.rpc.ErrorInfo","reason":"API_KEY_INVALID","domain":"googleapis.com","metadata":{"service":"generativelanguage.googleapis.com"}},{"@type":"type.googleapis.com/google.rpc.LocalizedMessage","locale":"en-US","message":"API key not valid. Please pass a valid API key."}]}}}
2024-11-25T10:08:12.074Z: result为空:{"reqStatus":"ErrorResponse","error":{"error":{"code":400,"message":"API key not valid. Please pass a valid API key.","status":"INVALID_ARGUMENT","details":[{"@type":"type.googleapis.com/google.rpc.ErrorInfo","reason":"API_KEY_INVALID","domain":"googleapis.com","metadata":{"service":"generativelanguage.googleapis.com"}},{"@type":"type.googleapis.com/google.rpc.LocalizedMessage","locale":"en-US","message":"API key not valid. Please pass a valid API key."}]}}}
2024-11-25T10:08:51.752Z: result为空:{"reqStatus":"ErrorResponse","error":{"error":{"code":400,"message":"API key not valid. Please pass a valid API key.","status":"INVALID_ARGUMENT","details":[{"@type":"type.googleapis.com/google.rpc.ErrorInfo","reason":"API_KEY_INVALID","domain":"googleapis.com","metadata":{"service":"generativelanguage.googleapis.com"}},{"@type":"type.googleapis.com/google.rpc.LocalizedMessage","locale":"en-US","message":"API key not valid. Please pass a valid API key."}]}}}
2024-11-25T10:08:56.005Z: result为空:{"reqStatus":"ErrorResponse","error":{"error":{"code":400,"message":"API key not valid. Please pass a valid API key.","status":"INVALID_ARGUMENT","details":[{"@type":"type.googleapis.com/google.rpc.ErrorInfo","reason":"API_KEY_INVALID","domain":"googleapis.com","metadata":{"service":"generativelanguage.googleapis.com"}},{"@type":"type.googleapis.com/google.rpc.LocalizedMessage","locale":"en-US","message":"API key not valid. Please pass a valid API key."}]}}}
2024-11-25T10:09:00.229Z: result为空:{"reqStatus":"ErrorResponse","error":{"error":{"code":400,"message":"API key not valid. Please pass a valid API key.","status":"INVALID_ARGUMENT","details":[{"@type":"type.googleapis.com/google.rpc.ErrorInfo","reason":"API_KEY_INVALID","domain":"googleapis.com","metadata":{"service":"generativelanguage.googleapis.com"}},{"@type":"type.googleapis.com/google.rpc.LocalizedMessage","locale":"en-US","message":"API key not valid. Please pass a valid API key."}]}}}
2024-11-25T10:09:03.245Z: 文件处理完！共计:19个。
2024-11-25T10:09:06.274Z: 完成全部19个文本数据处理！并保存了全部数据！
2024-11-25T10:12:55.516Z: This is system log,下面是本次系统运行日志：
2024-11-25T10:14:20.927Z: 文件处理完！共计:19个。
2024-11-25T10:14:23.963Z: 完成全部19个文本数据处理！并保存了全部数据！
2024-11-25T10:28:58.757Z: This is system log,下面是本次系统运行日志：
2024-11-25T10:29:58.496Z: This is system log,下面是本次系统运行日志：
2024-11-25T10:37:04.534Z: This is system log,下面是本次系统运行日志：
2024-11-25T10:38:37.090Z: 文件处理完！共计:37个。
2024-11-25T10:38:38.134Z: 完成全部37个文本数据处理！并保存了全部数据！
2024-11-25T11:01:08.359Z: This is system log,下面是本次系统运行日志：
2024-11-25T11:06:07.542Z: This is system log,下面是本次系统运行日志：
2024-11-25T11:06:23.961Z: This is system log,下面是本次系统运行日志：
2024-12-09T02:57:15.827Z: This is system log,下面是本次系统运行日志：
2024-12-09T02:57:34.169Z: result为空:{"reqStatus":"ErrorRequest","error":"No response received"}
2024-12-09T02:57:55.231Z: result为空:{"reqStatus":"ErrorRequest","error":"No response received"}
2024-12-09T02:58:16.279Z: result为空:{"reqStatus":"ErrorRequest","error":"No response received"}
2024-12-09T02:58:37.319Z: result为空:{"reqStatus":"ErrorRequest","error":"No response received"}
2024-12-09T02:58:58.347Z: result为空:{"reqStatus":"ErrorRequest","error":"No response received"}
2024-12-09T02:59:19.385Z: result为空:{"reqStatus":"ErrorRequest","error":"No response received"}
2024-12-09T02:59:40.426Z: result为空:{"reqStatus":"ErrorRequest","error":"No response received"}
2024-12-09T02:59:43.442Z: 文件处理完！共计:7个。
2024-12-09T02:59:46.465Z: 完成全部7个文本数据处理！并保存了全部数据！
2024-12-09T03:03:54.961Z: This is system log,下面是本次系统运行日志：
2024-12-09T03:04:13.362Z: result为空:{"reqStatus":"ErrorRequest","error":"No response received"}
2024-12-09T03:04:34.410Z: result为空:{"reqStatus":"ErrorRequest","error":"No response received"}
2024-12-09T03:04:55.440Z: result为空:{"reqStatus":"ErrorRequest","error":"No response received"}
2024-12-09T03:05:16.497Z: result为空:{"reqStatus":"ErrorRequest","error":"No response received"}
2024-12-09T03:05:37.537Z: result为空:{"reqStatus":"ErrorRequest","error":"No response received"}
2024-12-09T03:05:58.577Z: result为空:{"reqStatus":"ErrorRequest","error":"No response received"}
2024-12-09T03:06:19.624Z: result为空:{"reqStatus":"ErrorRequest","error":"No response received"}
2024-12-09T03:06:22.635Z: 文件处理完！共计:7个。
2024-12-09T03:06:25.663Z: 完成全部7个文本数据处理！并保存了全部数据！
2024-12-09T03:13:32.085Z: This is system log,下面是本次系统运行日志：
2024-12-09T03:13:36.901Z: result为空:{"reqStatus":"ErrorResponse","error":{"error":{"code":400,"message":"User location is not supported for the API use.","status":"FAILED_PRECONDITION"}}}
2024-12-09T03:13:41.830Z: result为空:{"reqStatus":"ErrorResponse","error":{"error":{"code":400,"message":"User location is not supported for the API use.","status":"FAILED_PRECONDITION"}}}
2024-12-09T03:13:46.231Z: result为空:{"reqStatus":"ErrorResponse","error":{"error":{"code":400,"message":"User location is not supported for the API use.","status":"FAILED_PRECONDITION"}}}
2024-12-09T03:13:51.179Z: result为空:{"reqStatus":"ErrorResponse","error":{"error":{"code":400,"message":"User location is not supported for the API use.","status":"FAILED_PRECONDITION"}}}
2024-12-09T03:13:56.953Z: This is system log,下面是本次系统运行日志：
2024-12-09T03:13:57.792Z: result为空:{"reqStatus":"ErrorResponse","error":{"error":{"code":400,"message":"User location is not supported for the API use.","status":"FAILED_PRECONDITION"}}}
2024-12-09T03:14:01.680Z: result为空:{"reqStatus":"ErrorResponse","error":{"error":{"code":400,"message":"User location is not supported for the API use.","status":"FAILED_PRECONDITION"}}}
2024-12-09T03:14:05.359Z: result为空:{"reqStatus":"ErrorResponse","error":{"error":{"code":400,"message":"User location is not supported for the API use.","status":"FAILED_PRECONDITION"}}}
2024-12-09T03:15:22.617Z: This is system log,下面是本次系统运行日志：
2024-12-09T03:15:24.226Z: result为空:{"reqStatus":"ErrorResponse","error":{"error":{"code":400,"message":"User location is not supported for the API use.","status":"FAILED_PRECONDITION"}}}
2024-12-09T03:24:24.428Z: This is system log,下面是本次系统运行日志：
2024-12-09T03:24:25.629Z: result为空:{"reqStatus":"ErrorResponse","error":{"error":{"code":400,"message":"User location is not supported for the API use.","status":"FAILED_PRECONDITION"}}}
2024-12-09T03:24:29.585Z: result为空:{"reqStatus":"ErrorResponse","error":{"error":{"code":400,"message":"User location is not supported for the API use.","status":"FAILED_PRECONDITION"}}}
2024-12-09T03:24:34.166Z: result为空:{"reqStatus":"ErrorResponse","error":{"error":{"code":400,"message":"User location is not supported for the API use.","status":"FAILED_PRECONDITION"}}}
2024-12-09T03:24:39.220Z: result为空:{"reqStatus":"ErrorResponse","error":{"error":{"code":400,"message":"User location is not supported for the API use.","status":"FAILED_PRECONDITION"}}}
2024-12-09T03:24:44.286Z: result为空:{"reqStatus":"ErrorResponse","error":{"error":{"code":400,"message":"User location is not supported for the API use.","status":"FAILED_PRECONDITION"}}}
2024-12-09T03:24:50.570Z: result为空:{"reqStatus":"ErrorResponse","error":{"error":{"code":400,"message":"User location is not supported for the API use.","status":"FAILED_PRECONDITION"}}}
2024-12-09T03:24:56.772Z: result为空:{"reqStatus":"ErrorResponse","error":{"error":{"code":400,"message":"User location is not supported for the API use.","status":"FAILED_PRECONDITION"}}}
2024-12-09T03:24:59.788Z: 文件处理完！共计:7个。
2024-12-09T03:25:02.810Z: 完成全部7个文本数据处理！并保存了全部数据！
2024-12-09T03:28:39.205Z: This is system log,下面是本次系统运行日志：
2024-12-09T03:29:11.694Z: 文件处理完！共计:7个。
2024-12-09T03:29:14.730Z: 完成全部7个文本数据处理！并保存了全部数据！
2024-12-09T03:33:15.104Z: This is system log,下面是本次系统运行日志：
2024-12-09T03:33:47.145Z: 文件处理完！共计:7个。
2024-12-09T03:33:50.176Z: 完成全部7个文本数据处理！并保存了全部数据！
2024-12-09T03:34:14.893Z: This is system log,下面是本次系统运行日志：
2024-12-09T03:34:46.458Z: 文件处理完！共计:7个。
2024-12-09T03:34:49.496Z: 完成全部7个文本数据处理！并保存了全部数据！
2024-12-09T03:35:12.160Z: This is system log,下面是本次系统运行日志：
2024-12-09T03:35:20.488Z: TypeError: Cannot set properties of undefined (setting 'code')
2024-12-09T03:35:31.546Z: TypeError: Cannot set properties of undefined (setting 'code')
2024-12-09T03:35:42.591Z: TypeError: Cannot set properties of undefined (setting 'code')
2024-12-09T03:35:53.633Z: TypeError: Cannot set properties of undefined (setting 'code')
2024-12-09T03:36:04.670Z: TypeError: Cannot set properties of undefined (setting 'code')
2024-12-09T03:36:15.717Z: TypeError: Cannot set properties of undefined (setting 'code')
2024-12-09T03:36:26.768Z: TypeError: Cannot set properties of undefined (setting 'code')
2024-12-09T03:36:29.778Z: 文件处理完！共计:7个。
2024-12-09T03:36:32.793Z: 完成全部7个文本数据处理！并保存了全部数据！
2024-12-09T03:43:46.151Z: This is system log,下面是本次系统运行日志：
2024-12-09T03:43:54.470Z: TypeError: Cannot set properties of undefined (setting 'code')
2024-12-09T03:44:05.493Z: TypeError: Cannot set properties of undefined (setting 'code')
2024-12-09T03:44:16.518Z: TypeError: Cannot set properties of undefined (setting 'code')
2024-12-09T03:44:19.527Z: 文件处理完！共计:3个。
2024-12-09T03:44:22.554Z: 完成全部3个文本数据处理！并保存了全部数据！
2024-12-09T03:53:23.633Z: This is system log,下面是本次系统运行日志：
2024-12-09T03:53:32.050Z: TypeError: Cannot set properties of undefined (setting 'code')
2024-12-09T03:53:43.064Z: TypeError: Cannot set properties of undefined (setting 'code')
2024-12-09T03:53:54.087Z: TypeError: Cannot set properties of undefined (setting 'code')
2024-12-09T03:53:57.107Z: 文件处理完！共计:3个。
2024-12-09T03:54:00.135Z: 完成全部3个文本数据处理！并保存了全部数据！
2024-12-09T03:59:47.840Z: This is system log,下面是本次系统运行日志：
2024-12-09T03:59:56.136Z: TypeError: Cannot set properties of undefined (setting 'code')
2024-12-09T04:00:07.168Z: TypeError: Cannot set properties of undefined (setting 'code')
2024-12-09T04:00:18.198Z: TypeError: Cannot set properties of undefined (setting 'code')
2024-12-09T04:00:21.217Z: 文件处理完！共计:3个。
2024-12-09T04:00:24.238Z: 完成全部3个文本数据处理！并保存了全部数据！
2024-12-09T04:05:39.186Z: This is system log,下面是本次系统运行日志：
2024-12-09T04:05:47.516Z: TypeError: Cannot set properties of undefined (setting 'code')
2024-12-09T04:05:58.540Z: TypeError: Cannot set properties of undefined (setting 'code')
2024-12-09T04:06:09.558Z: TypeError: Cannot set properties of undefined (setting 'code')
2024-12-09T04:06:12.566Z: 文件处理完！共计:3个。
2024-12-09T04:06:15.590Z: 完成全部3个文本数据处理！并保存了全部数据！
2024-12-09T04:14:11.798Z: This is system log,下面是本次系统运行日志：
2024-12-09T04:14:11.994Z: TypeError: Cannot read properties of undefined (reading '0')
2024-12-09T04:14:59.207Z: This is system log,下面是本次系统运行日志：
2024-12-09T04:14:59.406Z: TypeError: Cannot read properties of undefined (reading '0')
2024-12-09T04:17:56.425Z: This is system log,下面是本次系统运行日志：
2024-12-09T04:18:04.712Z: TypeError: Cannot set properties of undefined (setting 'code')
2024-12-09T04:18:15.730Z: TypeError: Cannot set properties of undefined (setting 'code')
2024-12-09T04:18:26.745Z: TypeError: Cannot set properties of undefined (setting 'code')
2024-12-09T04:18:29.751Z: 文件处理完！共计:3个。
2024-12-09T04:18:32.770Z: 完成全部3个文本数据处理！并保存了全部数据！
2024-12-09T04:19:43.038Z: This is system log,下面是本次系统运行日志：
2024-12-09T04:19:51.330Z: TypeError: Cannot set properties of undefined (setting 'code')
2024-12-09T04:20:02.364Z: TypeError: Cannot set properties of undefined (setting 'code')
2024-12-09T04:20:13.383Z: TypeError: Cannot set properties of undefined (setting 'code')
2024-12-09T04:20:16.403Z: 文件处理完！共计:3个。
2024-12-09T04:20:19.423Z: 完成全部3个文本数据处理！并保存了全部数据！
2024-12-09T04:27:28.043Z: This is system log,下面是本次系统运行日志：
2024-12-09T04:27:36.331Z: TypeError: Cannot set properties of undefined (setting 'code')
2024-12-09T04:27:47.368Z: TypeError: Cannot set properties of undefined (setting 'code')
2024-12-09T04:27:58.395Z: TypeError: Cannot set properties of undefined (setting 'code')
2024-12-09T04:28:01.407Z: 文件处理完！共计:3个。
2024-12-09T04:28:04.428Z: 完成全部3个文本数据处理！并保存了全部数据！
2024-12-09T04:29:00.150Z: This is system log,下面是本次系统运行日志：
2024-12-09T04:29:08.438Z: TypeError: Cannot set properties of undefined (setting 'code')
2024-12-09T04:29:19.471Z: TypeError: Cannot set properties of undefined (setting 'code')
2024-12-09T04:29:30.496Z: TypeError: Cannot set properties of undefined (setting 'code')
2024-12-09T04:29:33.508Z: 文件处理完！共计:3个。
2024-12-09T04:29:36.532Z: 完成全部3个文本数据处理！并保存了全部数据！
2024-12-09T04:43:37.723Z: This is system log,下面是本次系统运行日志：
2024-12-09T04:43:46.086Z: TypeError: Cannot set properties of undefined (setting 'code')
2024-12-09T04:43:57.115Z: TypeError: Cannot set properties of undefined (setting 'code')
2024-12-09T04:44:08.138Z: TypeError: Cannot set properties of undefined (setting 'code')
2024-12-09T04:44:11.143Z: 文件处理完！共计:3个。
2024-12-09T04:44:14.160Z: 完成全部3个文本数据处理！并保存了全部数据！
2024-12-09T04:44:21.452Z: This is system log,下面是本次系统运行日志：
2024-12-09T04:44:29.756Z: TypeError: Cannot set properties of undefined (setting 'code')
2024-12-09T04:44:40.786Z: TypeError: Cannot set properties of undefined (setting 'code')
2024-12-09T04:44:51.808Z: TypeError: Cannot set properties of undefined (setting 'code')
2024-12-09T04:44:54.815Z: 文件处理完！共计:3个。
2024-12-09T04:44:57.837Z: 完成全部3个文本数据处理！并保存了全部数据！
2024-12-09T04:47:30.715Z: This is system log,下面是本次系统运行日志：
2024-12-09T04:47:39.079Z: TypeError: Cannot set properties of undefined (setting 'code')
2024-12-09T04:47:50.099Z: TypeError: Cannot set properties of undefined (setting 'code')
2024-12-09T04:48:01.140Z: TypeError: Cannot set properties of undefined (setting 'code')
2024-12-09T04:48:04.154Z: 文件处理完！共计:3个。
2024-12-09T04:48:07.170Z: 完成全部3个文本数据处理！并保存了全部数据！
2024-12-09T04:48:35.201Z: This is system log,下面是本次系统运行日志：
2024-12-09T04:48:43.485Z: TypeError: Cannot set properties of undefined (setting 'code')
2024-12-09T04:50:27.115Z: This is system log,下面是本次系统运行日志：
2024-12-09T04:50:35.422Z: TypeError: Cannot set properties of undefined (setting 'code')
2024-12-09T04:50:57.110Z: This is system log,下面是本次系统运行日志：
2024-12-09T04:51:05.406Z: TypeError: Cannot set properties of undefined (setting 'code')
2024-12-09T04:51:16.442Z: TypeError: Cannot set properties of undefined (setting 'code')
2024-12-09T04:51:27.462Z: TypeError: Cannot set properties of undefined (setting 'code')
2024-12-09T04:51:30.477Z: 文件处理完！共计:3个。
2024-12-09T04:51:33.491Z: 完成全部3个文本数据处理！并保存了全部数据！
2024-12-09T04:53:40.868Z: This is system log,下面是本次系统运行日志：
2024-12-09T04:53:41.055Z: 文件处理完！共计:0个。
2024-12-09T04:53:44.070Z: 完成全部0个文本数据处理！并保存了全部数据！
